<?xml version="1.0" encoding="UTF-8"?>
<coverage generated="1516818934119" clover="3.2.0">
  <project timestamp="1516818934119" name="All files">
    <metrics statements="35" coveredstatements="35" conditionals="27" coveredconditionals="27" methods="5" coveredmethods="5" elements="67" coveredelements="67" complexity="0" loc="35" ncloc="35" packages="1" files="1" classes="1">
      <file name="score.js" path="/Users/anmolvarma/Desktop/Review1/score.js">
        <metrics statements="35" coveredstatements="35" conditionals="27" coveredconditionals="27" methods="5" coveredmethods="5"/>
        <line num="1" count="3" type="stmt"/>
        <line num="4" count="25" type="cond" truecount="2" falsecount="0"/>
        <line num="5" count="4" type="stmt"/>
        <line num="7" count="21" type="stmt"/>
        <line num="8" count="291" type="stmt"/>
        <line num="9" count="291" type="cond" truecount="6" falsecount="0"/>
        <line num="10" count="6" type="stmt"/>
        <line num="11" count="6" type="stmt"/>
        <line num="14" count="15" type="stmt"/>
        <line num="18" count="12" type="stmt"/>
        <line num="19" count="12" type="stmt"/>
        <line num="20" count="108" type="cond" truecount="2" falsecount="0"/>
        <line num="21" count="24" type="cond" truecount="2" falsecount="0"/>
        <line num="22" count="11" type="stmt"/>
        <line num="23" count="13" type="stmt"/>
        <line num="24" count="84" type="cond" truecount="2" falsecount="0"/>
        <line num="25" count="18" type="stmt"/>
        <line num="27" count="66" type="stmt"/>
        <line num="30" count="12" type="stmt"/>
        <line num="32" count="12" type="stmt"/>
        <line num="36" count="23" type="stmt"/>
        <line num="37" count="23" type="stmt"/>
        <line num="38" count="428" type="stmt"/>
        <line num="39" count="428" type="cond" truecount="5" falsecount="0"/>
        <line num="40" count="53" type="stmt"/>
        <line num="42" count="23" type="cond" truecount="2" falsecount="0"/>
        <line num="43" count="23" type="stmt"/>
        <line num="47" count="17" type="cond" truecount="2" falsecount="0"/>
        <line num="48" count="15" type="stmt"/>
        <line num="49" count="15" type="cond" truecount="2" falsecount="0"/>
        <line num="50" count="3" type="cond" truecount="2" falsecount="0"/>
        <line num="52" count="12" type="stmt"/>
        <line num="53" count="108" type="stmt"/>
        <line num="54" count="12" type="stmt"/>
        <line num="57" count="3" type="stmt"/>
      </file>
    </metrics>
  </project>
</coverage>
