<?xml version="1.0" encoding="UTF-8"?>
<coverage generated="1516854581275" clover="3.2.0">
  <project timestamp="1516854581275" name="All files">
    <metrics statements="35" coveredstatements="35" conditionals="29" coveredconditionals="29" methods="5" coveredmethods="5" elements="69" coveredelements="69" complexity="0" loc="35" ncloc="35" packages="1" files="1" classes="1">
      <file name="score.js" path="/Users/anmolvarma/Desktop/Review1/score.js">
        <metrics statements="35" coveredstatements="35" conditionals="29" coveredconditionals="29" methods="5" coveredmethods="5"/>
        <line num="1" count="3" type="stmt"/>
        <line num="4" count="29" type="cond" truecount="2" falsecount="0"/>
        <line num="5" count="4" type="stmt"/>
        <line num="7" count="25" type="stmt"/>
        <line num="8" count="337" type="stmt"/>
        <line num="9" count="337" type="cond" truecount="6" falsecount="0"/>
        <line num="10" count="7" type="stmt"/>
        <line num="11" count="7" type="stmt"/>
        <line num="14" count="18" type="stmt"/>
        <line num="18" count="14" type="stmt"/>
        <line num="19" count="14" type="stmt"/>
        <line num="20" count="126" type="cond" truecount="2" falsecount="0"/>
        <line num="21" count="36" type="cond" truecount="4" falsecount="0"/>
        <line num="22" count="18" type="stmt"/>
        <line num="23" count="18" type="stmt"/>
        <line num="24" count="90" type="cond" truecount="2" falsecount="0"/>
        <line num="25" count="19" type="stmt"/>
        <line num="27" count="71" type="stmt"/>
        <line num="30" count="14" type="stmt"/>
        <line num="32" count="14" type="stmt"/>
        <line num="36" count="26" type="stmt"/>
        <line num="37" count="26" type="stmt"/>
        <line num="38" count="457" type="stmt"/>
        <line num="39" count="457" type="cond" truecount="5" falsecount="0"/>
        <line num="40" count="65" type="stmt"/>
        <line num="42" count="26" type="cond" truecount="2" falsecount="0"/>
        <line num="43" count="26" type="stmt"/>
        <line num="47" count="20" type="cond" truecount="2" falsecount="0"/>
        <line num="48" count="18" type="stmt"/>
        <line num="49" count="18" type="cond" truecount="2" falsecount="0"/>
        <line num="50" count="4" type="cond" truecount="2" falsecount="0"/>
        <line num="53" count="14" type="stmt"/>
        <line num="55" count="126" type="stmt"/>
        <line num="56" count="14" type="stmt"/>
        <line num="59" count="3" type="stmt"/>
      </file>
    </metrics>
  </project>
</coverage>
