{"/Users/anmolvarma/Desktop/Review1/score.js": {"path":"/Users/anmolvarma/Desktop/Review1/score.js","statementMap":{"0":{"start":{"line":1,"column":20},"end":{"line":1,"column":22}},"1":{"start":{"line":4,"column":2},"end":{"line":6,"column":3}},"2":{"start":{"line":5,"column":4},"end":{"line":5,"column":17}},"3":{"start":{"line":7,"column":2},"end":{"line":13,"column":3}},"4":{"start":{"line":8,"column":17},"end":{"line":8,"column":28}},"5":{"start":{"line":9,"column":4},"end":{"line":12,"column":5}},"6":{"start":{"line":10,"column":6},"end":{"line":10,"column":54}},"7":{"start":{"line":11,"column":6},"end":{"line":11,"column":19}},"8":{"start":{"line":14,"column":2},"end":{"line":14,"column":14}},"9":{"start":{"line":18,"column":21},"end":{"line":18,"column":23}},"10":{"start":{"line":19,"column":2},"end":{"line":29,"column":3}},"11":{"start":{"line":20,"column":4},"end":{"line":28,"column":5}},"12":{"start":{"line":21,"column":6},"end":{"line":23,"column":95}},"13":{"start":{"line":22,"column":8},"end":{"line":22,"column":56}},"14":{"start":{"line":23,"column":15},"end":{"line":23,"column":93}},"15":{"start":{"line":24,"column":11},"end":{"line":28,"column":5}},"16":{"start":{"line":25,"column":6},"end":{"line":25,"column":52}},"17":{"start":{"line":27,"column":6},"end":{"line":27,"column":67}},"18":{"start":{"line":30,"column":2},"end":{"line":31,"column":74}},"19":{"start":{"line":32,"column":2},"end":{"line":32,"column":20}},"20":{"start":{"line":36,"column":29},"end":{"line":36,"column":31}},"21":{"start":{"line":37,"column":2},"end":{"line":41,"column":3}},"22":{"start":{"line":38,"column":4},"end":{"line":38,"column":41}},"23":{"start":{"line":39,"column":4},"end":{"line":40,"column":74}},"24":{"start":{"line":40,"column":45},"end":{"line":40,"column":72}},"25":{"start":{"line":42,"column":2},"end":{"line":42,"column":84}},"26":{"start":{"line":42,"column":55},"end":{"line":42,"column":82}},"27":{"start":{"line":43,"column":2},"end":{"line":43,"column":28}},"28":{"start":{"line":47,"column":2},"end":{"line":47,"column":62}},"29":{"start":{"line":47,"column":47},"end":{"line":47,"column":60}},"30":{"start":{"line":48,"column":21},"end":{"line":48,"column":41}},"31":{"start":{"line":49,"column":2},"end":{"line":51,"column":3}},"32":{"start":{"line":50,"column":4},"end":{"line":50,"column":107}},"33":{"start":{"line":50,"column":34},"end":{"line":50,"column":65}},"34":{"start":{"line":50,"column":75},"end":{"line":50,"column":105}},"35":{"start":{"line":50,"column":108},"end":{"line":50,"column":121}},"36":{"start":{"line":53,"column":21},"end":{"line":53,"column":44}},"37":{"start":{"line":55,"column":16},"end":{"line":55,"column":76}},"38":{"start":{"line":55,"column":57},"end":{"line":55,"column":75}},"39":{"start":{"line":56,"column":2},"end":{"line":56,"column":15}},"40":{"start":{"line":59,"column":0},"end":{"line":61,"column":2}}},"fnMap":{"0":{"name":"validateInputType","decl":{"start":{"line":3,"column":9},"end":{"line":3,"column":26}},"loc":{"start":{"line":3,"column":37},"end":{"line":15,"column":1}},"line":3},"1":{"name":"turnToFrame","decl":{"start":{"line":17,"column":9},"end":{"line":17,"column":20}},"loc":{"start":{"line":17,"column":33},"end":{"line":33,"column":1}},"line":17},"2":{"name":"unifyInput","decl":{"start":{"line":35,"column":9},"end":{"line":35,"column":19}},"loc":{"start":{"line":35,"column":30},"end":{"line":44,"column":1}},"line":35},"3":{"name":"calScore","decl":{"start":{"line":46,"column":9},"end":{"line":46,"column":17}},"loc":{"start":{"line":46,"column":28},"end":{"line":57,"column":1}},"line":46},"4":{"name":"(anonymous_4)","decl":{"start":{"line":55,"column":34},"end":{"line":55,"column":35}},"loc":{"start":{"line":55,"column":57},"end":{"line":55,"column":75}},"line":55}},"branchMap":{"0":{"loc":{"start":{"line":4,"column":2},"end":{"line":6,"column":3}},"type":"if","locations":[{"start":{"line":4,"column":2},"end":{"line":6,"column":3}},{"start":{"line":4,"column":2},"end":{"line":6,"column":3}}],"line":4},"1":{"loc":{"start":{"line":9,"column":4},"end":{"line":12,"column":5}},"type":"if","locations":[{"start":{"line":9,"column":4},"end":{"line":12,"column":5}},{"start":{"line":9,"column":4},"end":{"line":12,"column":5}}],"line":9},"2":{"loc":{"start":{"line":9,"column":10},"end":{"line":9,"column":95}},"type":"binary-expr","locations":[{"start":{"line":9,"column":10},"end":{"line":9,"column":34}},{"start":{"line":9,"column":38},"end":{"line":9,"column":53}},{"start":{"line":9,"column":57},"end":{"line":9,"column":66}},{"start":{"line":9,"column":70},"end":{"line":9,"column":95}}],"line":9},"3":{"loc":{"start":{"line":20,"column":4},"end":{"line":28,"column":5}},"type":"if","locations":[{"start":{"line":20,"column":4},"end":{"line":28,"column":5}},{"start":{"line":20,"column":4},"end":{"line":28,"column":5}}],"line":20},"4":{"loc":{"start":{"line":21,"column":6},"end":{"line":23,"column":95}},"type":"if","locations":[{"start":{"line":21,"column":6},"end":{"line":23,"column":95}},{"start":{"line":21,"column":6},"end":{"line":23,"column":95}}],"line":21},"5":{"loc":{"start":{"line":21,"column":10},"end":{"line":21,"column":65}},"type":"binary-expr","locations":[{"start":{"line":21,"column":10},"end":{"line":21,"column":40}},{"start":{"line":21,"column":45},"end":{"line":21,"column":64}}],"line":21},"6":{"loc":{"start":{"line":24,"column":11},"end":{"line":28,"column":5}},"type":"if","locations":[{"start":{"line":24,"column":11},"end":{"line":28,"column":5}},{"start":{"line":24,"column":11},"end":{"line":28,"column":5}}],"line":24},"7":{"loc":{"start":{"line":39,"column":4},"end":{"line":40,"column":74}},"type":"if","locations":[{"start":{"line":39,"column":4},"end":{"line":40,"column":74}},{"start":{"line":39,"column":4},"end":{"line":40,"column":74}}],"line":39},"8":{"loc":{"start":{"line":39,"column":8},"end":{"line":40,"column":41}},"type":"binary-expr","locations":[{"start":{"line":39,"column":8},"end":{"line":39,"column":26}},{"start":{"line":39,"column":30},"end":{"line":39,"column":65}},{"start":{"line":40,"column":10},"end":{"line":40,"column":41}}],"line":39},"9":{"loc":{"start":{"line":42,"column":2},"end":{"line":42,"column":84}},"type":"if","locations":[{"start":{"line":42,"column":2},"end":{"line":42,"column":84}},{"start":{"line":42,"column":2},"end":{"line":42,"column":84}}],"line":42},"10":{"loc":{"start":{"line":47,"column":2},"end":{"line":47,"column":62}},"type":"if","locations":[{"start":{"line":47,"column":2},"end":{"line":47,"column":62}},{"start":{"line":47,"column":2},"end":{"line":47,"column":62}}],"line":47},"11":{"loc":{"start":{"line":49,"column":2},"end":{"line":51,"column":3}},"type":"if","locations":[{"start":{"line":49,"column":2},"end":{"line":51,"column":3}},{"start":{"line":49,"column":2},"end":{"line":51,"column":3}}],"line":49},"12":{"loc":{"start":{"line":50,"column":4},"end":{"line":50,"column":107}},"type":"if","locations":[{"start":{"line":50,"column":4},"end":{"line":50,"column":107}},{"start":{"line":50,"column":4},"end":{"line":50,"column":107}}],"line":50}},"s":{"0":3,"1":29,"2":4,"3":25,"4":337,"5":337,"6":7,"7":7,"8":18,"9":14,"10":14,"11":126,"12":36,"13":18,"14":18,"15":90,"16":19,"17":71,"18":14,"19":14,"20":26,"21":26,"22":457,"23":457,"24":65,"25":26,"26":11,"27":26,"28":20,"29":2,"30":18,"31":18,"32":4,"33":2,"34":2,"35":4,"36":14,"37":14,"38":126,"39":14,"40":3},"f":{"0":29,"1":14,"2":26,"3":20,"4":126},"b":{"0":[4,25],"1":[7,330],"2":[337,334,333,331],"3":[36,90],"4":[18,18],"5":[36,21],"6":[19,71],"7":[65,392],"8":[457,128,81],"9":[11,15],"10":[2,18],"11":[4,14],"12":[2,2]},"_coverageSchema":"332fd63041d2c1bcb487cc26dd0d5f7d97098a6c","hash":"e656f02c6ab8fca5567b851eb09b6ec41d55a30a"}
}
