TN:
SF:/Users/anmolvarma/Desktop/Review1/score.js
FN:3,validateInputType
FN:17,turnToFrame
FN:35,unifyInput
FN:46,calScore
FN:53,(anonymous_4)
FNF:5
FNH:5
FNDA:25,validateInputType
FNDA:12,turnToFrame
FNDA:23,unifyInput
FNDA:17,calScore
FNDA:108,(anonymous_4)
DA:1,3
DA:4,25
DA:5,4
DA:7,21
DA:8,291
DA:9,291
DA:10,6
DA:11,6
DA:14,15
DA:18,12
DA:19,12
DA:20,108
DA:21,24
DA:22,11
DA:23,13
DA:24,84
DA:25,18
DA:27,66
DA:30,12
DA:32,12
DA:36,23
DA:37,23
DA:38,428
DA:39,428
DA:40,53
DA:42,23
DA:43,23
DA:47,17
DA:48,15
DA:49,15
DA:50,3
DA:52,12
DA:53,108
DA:54,12
DA:57,3
LF:35
LH:35
BRDA:4,0,0,4
BRDA:4,0,1,21
BRDA:9,1,0,6
BRDA:9,1,1,285
BRDA:9,2,0,291
BRDA:9,2,1,288
BRDA:9,2,2,287
BRDA:9,2,3,286
BRDA:20,3,0,24
BRDA:20,3,1,84
BRDA:21,4,0,11
BRDA:21,4,1,13
BRDA:24,5,0,18
BRDA:24,5,1,66
BRDA:39,6,0,53
BRDA:39,6,1,375
BRDA:39,7,0,428
BRDA:39,7,1,114
BRDA:39,7,2,68
BRDA:42,8,0,10
BRDA:42,8,1,13
BRDA:47,9,0,2
BRDA:47,9,1,15
BRDA:49,10,0,3
BRDA:49,10,1,12
BRDA:50,11,0,2
BRDA:50,11,1,1
BRF:27
BRH:27
end_of_record
