TN:
SF:/Users/anmolvarma/Desktop/Review1/score.js
FN:3,validateInputType
FN:17,turnToFrame
FN:35,unifyInput
FN:46,calScore
FN:55,(anonymous_4)
FNF:5
FNH:5
FNDA:29,validateInputType
FNDA:14,turnToFrame
FNDA:26,unifyInput
FNDA:20,calScore
FNDA:126,(anonymous_4)
DA:1,3
DA:4,29
DA:5,4
DA:7,25
DA:8,337
DA:9,337
DA:10,7
DA:11,7
DA:14,18
DA:18,14
DA:19,14
DA:20,126
DA:21,36
DA:22,18
DA:23,18
DA:24,90
DA:25,19
DA:27,71
DA:30,14
DA:32,14
DA:36,26
DA:37,26
DA:38,457
DA:39,457
DA:40,65
DA:42,26
DA:43,26
DA:47,20
DA:48,18
DA:49,18
DA:50,4
DA:53,14
DA:55,126
DA:56,14
DA:59,3
LF:35
LH:35
BRDA:4,0,0,4
BRDA:4,0,1,25
BRDA:9,1,0,7
BRDA:9,1,1,330
BRDA:9,2,0,337
BRDA:9,2,1,334
BRDA:9,2,2,333
BRDA:9,2,3,331
BRDA:20,3,0,36
BRDA:20,3,1,90
BRDA:21,4,0,18
BRDA:21,4,1,18
BRDA:21,5,0,36
BRDA:21,5,1,21
BRDA:24,6,0,19
BRDA:24,6,1,71
BRDA:39,7,0,65
BRDA:39,7,1,392
BRDA:39,8,0,457
BRDA:39,8,1,128
BRDA:39,8,2,81
BRDA:42,9,0,11
BRDA:42,9,1,15
BRDA:47,10,0,2
BRDA:47,10,1,18
BRDA:49,11,0,4
BRDA:49,11,1,14
BRDA:50,12,0,2
BRDA:50,12,1,2
BRF:29
BRH:29
end_of_record
